MSBuild version 17.6.11+5eb99e6e9 for .NET
  Determining projects to restore...
  All projects are up-to-date for restore.
/usr/local/share/dotnet/sdk/7.0.316/Sdks/Microsoft.NET.Sdk.Razor/targets/Sdk.Razor.CurrentVersion.targets(461,5): warning RAZORSDK1006: Detected Razor language version downgrade. This is typically caused by a reference to the Microsoft.AspNetCore.Razor.Design package. Consider removing this package reference. [/Users/nkostop/Sites/NBG/AutoCode/tempcode/ProjectName/ProjectName.csproj]
/Users/nkostop/Sites/NBG/AutoCode/tempcode/ProjectName/Controllers/ImageController.cs(1,12): error CS1003: Syntax error, ',' expected [/Users/nkostop/Sites/NBG/AutoCode/tempcode/ProjectName/ProjectName.csproj]
/Users/nkostop/Sites/NBG/AutoCode/tempcode/ProjectName/Controllers/ImageController.cs(1,84): error CS1003: Syntax error, ',' expected [/Users/nkostop/Sites/NBG/AutoCode/tempcode/ProjectName/ProjectName.csproj]
/Users/nkostop/Sites/NBG/AutoCode/tempcode/ProjectName/Controllers/ImageController.cs(1,95): error CS1056: Unexpected character '`' [/Users/nkostop/Sites/NBG/AutoCode/tempcode/ProjectName/ProjectName.csproj]
/Users/nkostop/Sites/NBG/AutoCode/tempcode/ProjectName/Controllers/ImageController.cs(1,114): error CS1056: Unexpected character '`' [/Users/nkostop/Sites/NBG/AutoCode/tempcode/ProjectName/ProjectName.csproj]
/Users/nkostop/Sites/NBG/AutoCode/tempcode/ProjectName/Controllers/ImageController.cs(1,125): error CS1010: Newline in constant [/Users/nkostop/Sites/NBG/AutoCode/tempcode/ProjectName/ProjectName.csproj]
/Users/nkostop/Sites/NBG/AutoCode/tempcode/ProjectName/Controllers/ImageController.cs(1,125): error CS1012: Too many characters in character literal [/Users/nkostop/Sites/NBG/AutoCode/tempcode/ProjectName/ProjectName.csproj]
/Users/nkostop/Sites/NBG/AutoCode/tempcode/ProjectName/Controllers/ImageController.cs(3,5): error CS1010: Newline in constant [/Users/nkostop/Sites/NBG/AutoCode/tempcode/ProjectName/ProjectName.csproj]
/Users/nkostop/Sites/NBG/AutoCode/tempcode/ProjectName/Controllers/ImageController.cs(3,5): error CS1012: Too many characters in character literal [/Users/nkostop/Sites/NBG/AutoCode/tempcode/ProjectName/ProjectName.csproj]
/Users/nkostop/Sites/NBG/AutoCode/tempcode/ProjectName/Controllers/ImageController.cs(5,1): error CS1056: Unexpected character '`' [/Users/nkostop/Sites/NBG/AutoCode/tempcode/ProjectName/ProjectName.csproj]
/Users/nkostop/Sites/NBG/AutoCode/tempcode/ProjectName/Controllers/ImageController.cs(5,2): error CS1056: Unexpected character '`' [/Users/nkostop/Sites/NBG/AutoCode/tempcode/ProjectName/ProjectName.csproj]
/Users/nkostop/Sites/NBG/AutoCode/tempcode/ProjectName/Controllers/ImageController.cs(5,3): error CS1056: Unexpected character '`' [/Users/nkostop/Sites/NBG/AutoCode/tempcode/ProjectName/ProjectName.csproj]
/Users/nkostop/Sites/NBG/AutoCode/tempcode/ProjectName/Controllers/ImageController.cs(5,10): error CS1002: ; expected [/Users/nkostop/Sites/NBG/AutoCode/tempcode/ProjectName/ProjectName.csproj]
/Users/nkostop/Sites/NBG/AutoCode/tempcode/ProjectName/Controllers/ImageController.cs(6,1): error CS1529: A using clause must precede all other elements defined in the namespace except extern alias declarations [/Users/nkostop/Sites/NBG/AutoCode/tempcode/ProjectName/ProjectName.csproj]
/Users/nkostop/Sites/NBG/AutoCode/tempcode/ProjectName/Controllers/ImageController.cs(7,1): error CS1529: A using clause must precede all other elements defined in the namespace except extern alias declarations [/Users/nkostop/Sites/NBG/AutoCode/tempcode/ProjectName/ProjectName.csproj]
/Users/nkostop/Sites/NBG/AutoCode/tempcode/ProjectName/Controllers/ImageController.cs(8,1): error CS1529: A using clause must precede all other elements defined in the namespace except extern alias declarations [/Users/nkostop/Sites/NBG/AutoCode/tempcode/ProjectName/ProjectName.csproj]
/Users/nkostop/Sites/NBG/AutoCode/tempcode/ProjectName/Controllers/ImageController.cs(9,1): error CS1529: A using clause must precede all other elements defined in the namespace except extern alias declarations [/Users/nkostop/Sites/NBG/AutoCode/tempcode/ProjectName/ProjectName.csproj]
/Users/nkostop/Sites/NBG/AutoCode/tempcode/ProjectName/Controllers/ImageController.cs(10,1): error CS1529: A using clause must precede all other elements defined in the namespace except extern alias declarations [/Users/nkostop/Sites/NBG/AutoCode/tempcode/ProjectName/ProjectName.csproj]
/Users/nkostop/Sites/NBG/AutoCode/tempcode/ProjectName/Controllers/ImageController.cs(88,1): error CS1056: Unexpected character '`' [/Users/nkostop/Sites/NBG/AutoCode/tempcode/ProjectName/ProjectName.csproj]
/Users/nkostop/Sites/NBG/AutoCode/tempcode/ProjectName/Controllers/ImageController.cs(88,2): error CS1056: Unexpected character '`' [/Users/nkostop/Sites/NBG/AutoCode/tempcode/ProjectName/ProjectName.csproj]
/Users/nkostop/Sites/NBG/AutoCode/tempcode/ProjectName/Controllers/ImageController.cs(88,3): error CS1056: Unexpected character '`' [/Users/nkostop/Sites/NBG/AutoCode/tempcode/ProjectName/ProjectName.csproj]
/Users/nkostop/Sites/NBG/AutoCode/tempcode/ProjectName/Controllers/ImageController.cs(90,1): error CS8803: Top-level statements must precede namespace and type declarations. [/Users/nkostop/Sites/NBG/AutoCode/tempcode/ProjectName/ProjectName.csproj]
/Users/nkostop/Sites/NBG/AutoCode/tempcode/ProjectName/Controllers/ImageController.cs(90,8): error CS1003: Syntax error, ',' expected [/Users/nkostop/Sites/NBG/AutoCode/tempcode/ProjectName/ProjectName.csproj]
/Users/nkostop/Sites/NBG/AutoCode/tempcode/ProjectName/Controllers/ImageController.cs(90,144): error CS1002: ; expected [/Users/nkostop/Sites/NBG/AutoCode/tempcode/ProjectName/ProjectName.csproj]

Build FAILED.

/usr/local/share/dotnet/sdk/7.0.316/Sdks/Microsoft.NET.Sdk.Razor/targets/Sdk.Razor.CurrentVersion.targets(461,5): warning RAZORSDK1006: Detected Razor language version downgrade. This is typically caused by a reference to the Microsoft.AspNetCore.Razor.Design package. Consider removing this package reference. [/Users/nkostop/Sites/NBG/AutoCode/tempcode/ProjectName/ProjectName.csproj]
/Users/nkostop/Sites/NBG/AutoCode/tempcode/ProjectName/Controllers/ImageController.cs(1,12): error CS1003: Syntax error, ',' expected [/Users/nkostop/Sites/NBG/AutoCode/tempcode/ProjectName/ProjectName.csproj]
/Users/nkostop/Sites/NBG/AutoCode/tempcode/ProjectName/Controllers/ImageController.cs(1,84): error CS1003: Syntax error, ',' expected [/Users/nkostop/Sites/NBG/AutoCode/tempcode/ProjectName/ProjectName.csproj]
/Users/nkostop/Sites/NBG/AutoCode/tempcode/ProjectName/Controllers/ImageController.cs(1,95): error CS1056: Unexpected character '`' [/Users/nkostop/Sites/NBG/AutoCode/tempcode/ProjectName/ProjectName.csproj]
/Users/nkostop/Sites/NBG/AutoCode/tempcode/ProjectName/Controllers/ImageController.cs(1,114): error CS1056: Unexpected character '`' [/Users/nkostop/Sites/NBG/AutoCode/tempcode/ProjectName/ProjectName.csproj]
/Users/nkostop/Sites/NBG/AutoCode/tempcode/ProjectName/Controllers/ImageController.cs(1,125): error CS1010: Newline in constant [/Users/nkostop/Sites/NBG/AutoCode/tempcode/ProjectName/ProjectName.csproj]
/Users/nkostop/Sites/NBG/AutoCode/tempcode/ProjectName/Controllers/ImageController.cs(1,125): error CS1012: Too many characters in character literal [/Users/nkostop/Sites/NBG/AutoCode/tempcode/ProjectName/ProjectName.csproj]
/Users/nkostop/Sites/NBG/AutoCode/tempcode/ProjectName/Controllers/ImageController.cs(3,5): error CS1010: Newline in constant [/Users/nkostop/Sites/NBG/AutoCode/tempcode/ProjectName/ProjectName.csproj]
/Users/nkostop/Sites/NBG/AutoCode/tempcode/ProjectName/Controllers/ImageController.cs(3,5): error CS1012: Too many characters in character literal [/Users/nkostop/Sites/NBG/AutoCode/tempcode/ProjectName/ProjectName.csproj]
/Users/nkostop/Sites/NBG/AutoCode/tempcode/ProjectName/Controllers/ImageController.cs(5,1): error CS1056: Unexpected character '`' [/Users/nkostop/Sites/NBG/AutoCode/tempcode/ProjectName/ProjectName.csproj]
/Users/nkostop/Sites/NBG/AutoCode/tempcode/ProjectName/Controllers/ImageController.cs(5,2): error CS1056: Unexpected character '`' [/Users/nkostop/Sites/NBG/AutoCode/tempcode/ProjectName/ProjectName.csproj]
/Users/nkostop/Sites/NBG/AutoCode/tempcode/ProjectName/Controllers/ImageController.cs(5,3): error CS1056: Unexpected character '`' [/Users/nkostop/Sites/NBG/AutoCode/tempcode/ProjectName/ProjectName.csproj]
/Users/nkostop/Sites/NBG/AutoCode/tempcode/ProjectName/Controllers/ImageController.cs(5,10): error CS1002: ; expected [/Users/nkostop/Sites/NBG/AutoCode/tempcode/ProjectName/ProjectName.csproj]
/Users/nkostop/Sites/NBG/AutoCode/tempcode/ProjectName/Controllers/ImageController.cs(6,1): error CS1529: A using clause must precede all other elements defined in the namespace except extern alias declarations [/Users/nkostop/Sites/NBG/AutoCode/tempcode/ProjectName/ProjectName.csproj]
/Users/nkostop/Sites/NBG/AutoCode/tempcode/ProjectName/Controllers/ImageController.cs(7,1): error CS1529: A using clause must precede all other elements defined in the namespace except extern alias declarations [/Users/nkostop/Sites/NBG/AutoCode/tempcode/ProjectName/ProjectName.csproj]
/Users/nkostop/Sites/NBG/AutoCode/tempcode/ProjectName/Controllers/ImageController.cs(8,1): error CS1529: A using clause must precede all other elements defined in the namespace except extern alias declarations [/Users/nkostop/Sites/NBG/AutoCode/tempcode/ProjectName/ProjectName.csproj]
/Users/nkostop/Sites/NBG/AutoCode/tempcode/ProjectName/Controllers/ImageController.cs(9,1): error CS1529: A using clause must precede all other elements defined in the namespace except extern alias declarations [/Users/nkostop/Sites/NBG/AutoCode/tempcode/ProjectName/ProjectName.csproj]
/Users/nkostop/Sites/NBG/AutoCode/tempcode/ProjectName/Controllers/ImageController.cs(10,1): error CS1529: A using clause must precede all other elements defined in the namespace except extern alias declarations [/Users/nkostop/Sites/NBG/AutoCode/tempcode/ProjectName/ProjectName.csproj]
/Users/nkostop/Sites/NBG/AutoCode/tempcode/ProjectName/Controllers/ImageController.cs(88,1): error CS1056: Unexpected character '`' [/Users/nkostop/Sites/NBG/AutoCode/tempcode/ProjectName/ProjectName.csproj]
/Users/nkostop/Sites/NBG/AutoCode/tempcode/ProjectName/Controllers/ImageController.cs(88,2): error CS1056: Unexpected character '`' [/Users/nkostop/Sites/NBG/AutoCode/tempcode/ProjectName/ProjectName.csproj]
/Users/nkostop/Sites/NBG/AutoCode/tempcode/ProjectName/Controllers/ImageController.cs(88,3): error CS1056: Unexpected character '`' [/Users/nkostop/Sites/NBG/AutoCode/tempcode/ProjectName/ProjectName.csproj]
/Users/nkostop/Sites/NBG/AutoCode/tempcode/ProjectName/Controllers/ImageController.cs(90,1): error CS8803: Top-level statements must precede namespace and type declarations. [/Users/nkostop/Sites/NBG/AutoCode/tempcode/ProjectName/ProjectName.csproj]
/Users/nkostop/Sites/NBG/AutoCode/tempcode/ProjectName/Controllers/ImageController.cs(90,8): error CS1003: Syntax error, ',' expected [/Users/nkostop/Sites/NBG/AutoCode/tempcode/ProjectName/ProjectName.csproj]
/Users/nkostop/Sites/NBG/AutoCode/tempcode/ProjectName/Controllers/ImageController.cs(90,144): error CS1002: ; expected [/Users/nkostop/Sites/NBG/AutoCode/tempcode/ProjectName/ProjectName.csproj]
    1 Warning(s)
    23 Error(s)

Time Elapsed 00:00:01.01
