{"filepath": "/Users/nkostop/Sites/NBG/AutoCode/tempcode/ProjectName/Controllers/ImageController.cs", "filename": "ImageController.cs", "category": "Controllers", "error": "Preprocessor directives must appear as the first non-whitespace character on a line", "error_code": "CS1040", "error_line": "(1,115)", "raw": "Error: /Users/nkostop/Sites/NBG/AutoCode/tempcode/ProjectName/Controllers/ImageController.cs(1,115): error CS1040: Preprocessor directives must appear as the first non-whitespace character on a line"}{"filepath": "/Users/nkostop/Sites/NBG/AutoCode/tempcode/ProjectName/Controllers/ImageController.cs", "filename": "ImageController.cs", "category": "Controllers", "error": "Syntax error, ',' expected", "error_code": "CS1003", "error_line": "(1,12)", "raw": "Error: /Users/nkostop/Sites/NBG/AutoCode/tempcode/ProjectName/Controllers/ImageController.cs(1,12): error CS1003: Syntax error, ',' expected"}{"filepath": "/Users/nkostop/Sites/NBG/AutoCode/tempcode/ProjectName/Controllers/ImageController.cs", "filename": "ImageController.cs", "category": "Controllers", "error": "Unexpected character '`'", "error_code": "CS1056", "error_line": "(1,54)", "raw": "Error: /Users/nkostop/Sites/NBG/AutoCode/tempcode/ProjectName/Controllers/ImageController.cs(1,54): error CS1056: Unexpected character '`'"}{"filepath": "/Users/nkostop/Sites/NBG/AutoCode/tempcode/ProjectName/Controllers/ImageController.cs", "filename": "ImageController.cs", "category": "Controllers", "error": "; expected", "error_code": "CS1002", "error_line": "(1,55)", "raw": "Error: /Users/nkostop/Sites/NBG/AutoCode/tempcode/ProjectName/Controllers/ImageController.cs(1,55): error CS1002: ; expected"}{"filepath": "/Users/nkostop/Sites/NBG/AutoCode/tempcode/ProjectName/Controllers/ImageController.cs", "filename": "ImageController.cs", "category": "Controllers", "error": "; expected", "error_code": "CS1002", "error_line": "(1,60)", "raw": "Error: /Users/nkostop/Sites/NBG/AutoCode/tempcode/ProjectName/Controllers/ImageController.cs(1,60): error CS1002: ; expected"}{"filepath": "/Users/nkostop/Sites/NBG/AutoCode/tempcode/ProjectName/Controllers/ImageController.cs", "filename": "ImageController.cs", "category": "Controllers", "error": "Unexpected character '`'", "error_code": "CS1056", "error_line": "(1,60)", "raw": "Error: /Users/nkostop/Sites/NBG/AutoCode/tempcode/ProjectName/Controllers/ImageController.cs(1,60): error CS1056: Unexpected character '`'"}{"filepath": "/Users/nkostop/Sites/NBG/AutoCode/tempcode/ProjectName/Controllers/ImageController.cs", "filename": "ImageController.cs", "category": "Controllers", "error": "Syntax error, ',' expected", "error_code": "CS1003", "error_line": "(1,77)", "raw": "Error: /Users/nkostop/Sites/NBG/AutoCode/tempcode/ProjectName/Controllers/ImageController.cs(1,77): error CS1003: Syntax error, ',' expected"}{"filepath": "/Users/nkostop/Sites/NBG/AutoCode/tempcode/ProjectName/Controllers/ImageController.cs", "filename": "ImageController.cs", "category": "Controllers", "error": "A using clause must precede all other elements defined in the namespace except extern alias declarations", "error_code": "CS1529", "error_line": "(10,1)", "raw": "Error: /Users/nkostop/Sites/NBG/AutoCode/tempcode/ProjectName/Controllers/ImageController.cs(10,1): error CS1529: A using clause must precede all other elements defined in the namespace except extern alias declarations"}{"filepath": "/Users/nkostop/Sites/NBG/AutoCode/tempcode/ProjectName/Controllers/ImageController.cs", "filename": "ImageController.cs", "category": "Controllers", "error": "; expected", "error_code": "CS1002", "error_line": "(3,110)", "raw": "Error: /Users/nkostop/Sites/NBG/AutoCode/tempcode/ProjectName/Controllers/ImageController.cs(3,110): error CS1002: ; expected"}{"filepath": "/Users/nkostop/Sites/NBG/AutoCode/tempcode/ProjectName/Controllers/ImageController.cs", "filename": "ImageController.cs", "category": "Controllers", "error": "Type or namespace definition, or end-of-file expected", "error_code": "CS1022", "error_line": "(3,110)", "raw": "Error: /Users/nkostop/Sites/NBG/AutoCode/tempcode/ProjectName/Controllers/ImageController.cs(3,110): error CS1022: Type or namespace definition, or end-of-file expected"}{"filepath": "/Users/nkostop/Sites/NBG/AutoCode/tempcode/ProjectName/Controllers/ImageController.cs", "filename": "ImageController.cs", "category": "Controllers", "error": "Unexpected character '`'", "error_code": "CS1056", "error_line": "(3,52)", "raw": "Error: /Users/nkostop/Sites/NBG/AutoCode/tempcode/ProjectName/Controllers/ImageController.cs(3,52): error CS1056: Unexpected character '`'"}{"filepath": "/Users/nkostop/Sites/NBG/AutoCode/tempcode/ProjectName/Controllers/ImageController.cs", "filename": "ImageController.cs", "category": "Controllers", "error": "; expected", "error_code": "CS1002", "error_line": "(3,53)", "raw": "Error: /Users/nkostop/Sites/NBG/AutoCode/tempcode/ProjectName/Controllers/ImageController.cs(3,53): error CS1002: ; expected"}{"filepath": "/Users/nkostop/Sites/NBG/AutoCode/tempcode/ProjectName/Controllers/ImageController.cs", "filename": "ImageController.cs", "category": "Controllers", "error": "; expected", "error_code": "CS1002", "error_line": "(3,58)", "raw": "Error: /Users/nkostop/Sites/NBG/AutoCode/tempcode/ProjectName/Controllers/ImageController.cs(3,58): error CS1002: ; expected"}{"filepath": "/Users/nkostop/Sites/NBG/AutoCode/tempcode/ProjectName/Controllers/ImageController.cs", "filename": "ImageController.cs", "category": "Controllers", "error": "Unexpected character '`'", "error_code": "CS1056", "error_line": "(3,58)", "raw": "Error: /Users/nkostop/Sites/NBG/AutoCode/tempcode/ProjectName/Controllers/ImageController.cs(3,58): error CS1056: Unexpected character '`'"}{"filepath": "/Users/nkostop/Sites/NBG/AutoCode/tempcode/ProjectName/Controllers/ImageController.cs", "filename": "ImageController.cs", "category": "Controllers", "error": "Syntax error, ',' expected", "error_code": "CS1003", "error_line": "(3,78)", "raw": "Error: /Users/nkostop/Sites/NBG/AutoCode/tempcode/ProjectName/Controllers/ImageController.cs(3,78): error CS1003: Syntax error, ',' expected"}{"filepath": "/Users/nkostop/Sites/NBG/AutoCode/tempcode/ProjectName/Controllers/ImageController.cs", "filename": "ImageController.cs", "category": "Controllers", "error": "Unexpected character '`'", "error_code": "CS1056", "error_line": "(5,1)", "raw": "Error: /Users/nkostop/Sites/NBG/AutoCode/tempcode/ProjectName/Controllers/ImageController.cs(5,1): error CS1056: Unexpected character '`'"}{"filepath": "/Users/nkostop/Sites/NBG/AutoCode/tempcode/ProjectName/Controllers/ImageController.cs", "filename": "ImageController.cs", "category": "Controllers", "error": "Unexpected character '`'", "error_code": "CS1056", "error_line": "(5,2)", "raw": "Error: /Users/nkostop/Sites/NBG/AutoCode/tempcode/ProjectName/Controllers/ImageController.cs(5,2): error CS1056: Unexpected character '`'"}{"filepath": "/Users/nkostop/Sites/NBG/AutoCode/tempcode/ProjectName/Controllers/ImageController.cs", "filename": "ImageController.cs", "category": "Controllers", "error": "Unexpected character '`'", "error_code": "CS1056", "error_line": "(5,3)", "raw": "Error: /Users/nkostop/Sites/NBG/AutoCode/tempcode/ProjectName/Controllers/ImageController.cs(5,3): error CS1056: Unexpected character '`'"}{"filepath": "/Users/nkostop/Sites/NBG/AutoCode/tempcode/ProjectName/Controllers/ImageController.cs", "filename": "ImageController.cs", "category": "Controllers", "error": "A namespace cannot directly contain members such as fields, methods or statements", "error_code": "CS0116", "error_line": "(5,4)", "raw": "Error: /Users/nkostop/Sites/NBG/AutoCode/tempcode/ProjectName/Controllers/ImageController.cs(5,4): error CS0116: A namespace cannot directly contain members such as fields, methods or statements"}{"filepath": "/Users/nkostop/Sites/NBG/AutoCode/tempcode/ProjectName/Controllers/ImageController.cs", "filename": "ImageController.cs", "category": "Controllers", "error": "A using clause must precede all other elements defined in the namespace except extern alias declarations", "error_code": "CS1529", "error_line": "(6,1)", "raw": "Error: /Users/nkostop/Sites/NBG/AutoCode/tempcode/ProjectName/Controllers/ImageController.cs(6,1): error CS1529: A using clause must precede all other elements defined in the namespace except extern alias declarations"}{"filepath": "/Users/nkostop/Sites/NBG/AutoCode/tempcode/ProjectName/Controllers/ImageController.cs", "filename": "ImageController.cs", "category": "Controllers", "error": "A using clause must precede all other elements defined in the namespace except extern alias declarations", "error_code": "CS1529", "error_line": "(7,1)", "raw": "Error: /Users/nkostop/Sites/NBG/AutoCode/tempcode/ProjectName/Controllers/ImageController.cs(7,1): error CS1529: A using clause must precede all other elements defined in the namespace except extern alias declarations"}{"filepath": "/Users/nkostop/Sites/NBG/AutoCode/tempcode/ProjectName/Controllers/ImageController.cs", "filename": "ImageController.cs", "category": "Controllers", "error": "A using clause must precede all other elements defined in the namespace except extern alias declarations", "error_code": "CS1529", "error_line": "(8,1)", "raw": "Error: /Users/nkostop/Sites/NBG/AutoCode/tempcode/ProjectName/Controllers/ImageController.cs(8,1): error CS1529: A using clause must precede all other elements defined in the namespace except extern alias declarations"}{"filepath": "/Users/nkostop/Sites/NBG/AutoCode/tempcode/ProjectName/Controllers/ImageController.cs", "filename": "ImageController.cs", "category": "Controllers", "error": "Unexpected character '`'", "error_code": "CS1056", "error_line": "(88,1)", "raw": "Error: /Users/nkostop/Sites/NBG/AutoCode/tempcode/ProjectName/Controllers/ImageController.cs(88,1): error CS1056: Unexpected character '`'"}{"filepath": "/Users/nkostop/Sites/NBG/AutoCode/tempcode/ProjectName/Controllers/ImageController.cs", "filename": "ImageController.cs", "category": "Controllers", "error": "Unexpected character '`'", "error_code": "CS1056", "error_line": "(88,2)", "raw": "Error: /Users/nkostop/Sites/NBG/AutoCode/tempcode/ProjectName/Controllers/ImageController.cs(88,2): error CS1056: Unexpected character '`'"}{"filepath": "/Users/nkostop/Sites/NBG/AutoCode/tempcode/ProjectName/Controllers/ImageController.cs", "filename": "ImageController.cs", "category": "Controllers", "error": "Unexpected character '`'", "error_code": "CS1056", "error_line": "(88,3)", "raw": "Error: /Users/nkostop/Sites/NBG/AutoCode/tempcode/ProjectName/Controllers/ImageController.cs(88,3): error CS1056: Unexpected character '`'"}{"filepath": "/Users/nkostop/Sites/NBG/AutoCode/tempcode/ProjectName/Controllers/ImageController.cs", "filename": "ImageController.cs", "category": "Controllers", "error": "A using clause must precede all other elements defined in the namespace except extern alias declarations", "error_code": "CS1529", "error_line": "(9,1)", "raw": "Error: /Users/nkostop/Sites/NBG/AutoCode/tempcode/ProjectName/Controllers/ImageController.cs(9,1): error CS1529: A using clause must precede all other elements defined in the namespace except extern alias declarations"}{"filepath": "/Users/nkostop/Sites/NBG/AutoCode/tempcode/ProjectName/Controllers/ImageController.cs", "filename": "ImageController.cs", "category": "Controllers", "error": "Top-level statements must precede namespace and type declarations.", "error_code": "CS8803", "error_line": "(90,1)", "raw": "Error: /Users/nkostop/Sites/NBG/AutoCode/tempcode/ProjectName/Controllers/ImageController.cs(90,1): error CS8803: Top-level statements must precede namespace and type declarations."}{"filepath": "/Users/nkostop/Sites/NBG/AutoCode/tempcode/ProjectName/Controllers/ImageController.cs", "filename": "ImageController.cs", "category": "Controllers", "error": "Unexpected character '`'", "error_code": "CS1056", "error_line": "(90,109)", "raw": "Error: /Users/nkostop/Sites/NBG/AutoCode/tempcode/ProjectName/Controllers/ImageController.cs(90,109): error CS1056: Unexpected character '`'"}{"filepath": "/Users/nkostop/Sites/NBG/AutoCode/tempcode/ProjectName/Controllers/ImageController.cs", "filename": "ImageController.cs", "category": "Controllers", "error": "; expected", "error_code": "CS1002", "error_line": "(90,110)", "raw": "Error: /Users/nkostop/Sites/NBG/AutoCode/tempcode/ProjectName/Controllers/ImageController.cs(90,110): error CS1002: ; expected"}{"filepath": "/Users/nkostop/Sites/NBG/AutoCode/tempcode/ProjectName/Controllers/ImageController.cs", "filename": "ImageController.cs", "category": "Controllers", "error": "; expected", "error_code": "CS1002", "error_line": "(90,115)", "raw": "Error: /Users/nkostop/Sites/NBG/AutoCode/tempcode/ProjectName/Controllers/ImageController.cs(90,115): error CS1002: ; expected"}{"filepath": "/Users/nkostop/Sites/NBG/AutoCode/tempcode/ProjectName/Controllers/ImageController.cs", "filename": "ImageController.cs", "category": "Controllers", "error": "Unexpected character '`'", "error_code": "CS1056", "error_line": "(90,115)", "raw": "Error: /Users/nkostop/Sites/NBG/AutoCode/tempcode/ProjectName/Controllers/ImageController.cs(90,115): error CS1056: Unexpected character '`'"}{"filepath": "/Users/nkostop/Sites/NBG/AutoCode/tempcode/ProjectName/Controllers/ImageController.cs", "filename": "ImageController.cs", "category": "Controllers", "error": "Syntax error, ',' expected", "error_code": "CS1003", "error_line": "(90,13)", "raw": "Error: /Users/nkostop/Sites/NBG/AutoCode/tempcode/ProjectName/Controllers/ImageController.cs(90,13): error CS1003: Syntax error, ',' expected"}{"filepath": "/Users/nkostop/Sites/NBG/AutoCode/tempcode/ProjectName/Controllers/ImageController.cs", "filename": "ImageController.cs", "category": "Controllers", "error": "Syntax error, ',' expected", "error_code": "CS1003", "error_line": "(90,132)", "raw": "Error: /Users/nkostop/Sites/NBG/AutoCode/tempcode/ProjectName/Controllers/ImageController.cs(90,132): error CS1003: Syntax error, ',' expected"}{"filepath": "/Users/nkostop/Sites/NBG/AutoCode/tempcode/ProjectName/Controllers/ImageController.cs", "filename": "ImageController.cs", "category": "Controllers", "error": "Cannot use more than one type in a for, using, fixed, or declaration statement", "error_code": "CS1044", "error_line": "(90,156)", "raw": "Error: /Users/nkostop/Sites/NBG/AutoCode/tempcode/ProjectName/Controllers/ImageController.cs(90,156): error CS1044: Cannot use more than one type in a for, using, fixed, or declaration statement"}{"filepath": "/Users/nkostop/Sites/NBG/AutoCode/tempcode/ProjectName/Controllers/ImageController.cs", "filename": "ImageController.cs", "category": "Controllers", "error": "Syntax error, ',' expected", "error_code": "CS1003", "error_line": "(90,163)", "raw": "Error: /Users/nkostop/Sites/NBG/AutoCode/tempcode/ProjectName/Controllers/ImageController.cs(90,163): error CS1003: Syntax error, ',' expected"}{"filepath": "/Users/nkostop/Sites/NBG/AutoCode/tempcode/ProjectName/Controllers/ImageController.cs", "filename": "ImageController.cs", "category": "Controllers", "error": "; expected", "error_code": "CS1002", "error_line": "(90,167)", "raw": "Error: /Users/nkostop/Sites/NBG/AutoCode/tempcode/ProjectName/Controllers/ImageController.cs(90,167): error CS1002: ; expected"}{"filepath": "/Users/nkostop/Sites/NBG/AutoCode/tempcode/ProjectName/Controllers/ImageController.cs", "filename": "ImageController.cs", "category": "Controllers", "error": "{ expected", "error_code": "CS1514", "error_line": "(90,180)", "raw": "Error: /Users/nkostop/Sites/NBG/AutoCode/tempcode/ProjectName/Controllers/ImageController.cs(90,180): error CS1514: { expected"}{"filepath": "/Users/nkostop/Sites/NBG/AutoCode/tempcode/ProjectName/Controllers/ImageController.cs", "filename": "ImageController.cs", "category": "Controllers", "error": "Identifier expected", "error_code": "CS1001", "error_line": "(90,198)", "raw": "Error: /Users/nkostop/Sites/NBG/AutoCode/tempcode/ProjectName/Controllers/ImageController.cs(90,198): error CS1001: Identifier expected"}{"filepath": "/Users/nkostop/Sites/NBG/AutoCode/tempcode/ProjectName/Controllers/ImageController.cs", "filename": "ImageController.cs", "category": "Controllers", "error": "} expected", "error_code": "CS1513", "error_line": "(90,198)", "raw": "Error: /Users/nkostop/Sites/NBG/AutoCode/tempcode/ProjectName/Controllers/ImageController.cs(90,198): error CS1513: } expected"}{"filepath": "/Users/nkostop/Sites/NBG/AutoCode/tempcode/ProjectName/Controllers/ImageController.cs", "filename": "ImageController.cs", "category": "Controllers", "error": "Unexpected character '`'", "error_code": "CS1056", "error_line": "(90,46)", "raw": "Error: /Users/nkostop/Sites/NBG/AutoCode/tempcode/ProjectName/Controllers/ImageController.cs(90,46): error CS1056: Unexpected character '`'"}{"filepath": "/Users/nkostop/Sites/NBG/AutoCode/tempcode/ProjectName/Controllers/ImageController.cs", "filename": "ImageController.cs", "category": "Controllers", "error": "; expected", "error_code": "CS1002", "error_line": "(90,47)", "raw": "Error: /Users/nkostop/Sites/NBG/AutoCode/tempcode/ProjectName/Controllers/ImageController.cs(90,47): error CS1002: ; expected"}{"filepath": "/Users/nkostop/Sites/NBG/AutoCode/tempcode/ProjectName/Controllers/ImageController.cs", "filename": "ImageController.cs", "category": "Controllers", "error": "; expected", "error_code": "CS1002", "error_line": "(90,52)", "raw": "Error: /Users/nkostop/Sites/NBG/AutoCode/tempcode/ProjectName/Controllers/ImageController.cs(90,52): error CS1002: ; expected"}{"filepath": "/Users/nkostop/Sites/NBG/AutoCode/tempcode/ProjectName/Controllers/ImageController.cs", "filename": "ImageController.cs", "category": "Controllers", "error": "Unexpected character '`'", "error_code": "CS1056", "error_line": "(90,52)", "raw": "Error: /Users/nkostop/Sites/NBG/AutoCode/tempcode/ProjectName/Controllers/ImageController.cs(90,52): error CS1056: Unexpected character '`'"}{"filepath": "/Users/nkostop/Sites/NBG/AutoCode/tempcode/ProjectName/Controllers/ImageController.cs", "filename": "ImageController.cs", "category": "Controllers", "error": "Syntax error, ',' expected", "error_code": "CS1003", "error_line": "(90,69)", "raw": "Error: /Users/nkostop/Sites/NBG/AutoCode/tempcode/ProjectName/Controllers/ImageController.cs(90,69): error CS1003: Syntax error, ',' expected"}